<?xml version="1.0" encoding="UTF-8"?>
<!-- Generated by org.testng.reporters.JUnitReportReporter -->
<testsuite hostname="DESKTOP-5PTH8A5" failures="0" tests="1" name="com.todos.tests.AddToDoTests" time="8.767" errors="0" timestamp="8 Aug 2022 16:05:03 GMT">
  <testcase classname="com.todos.tests.AddToDoTests" name="iCanAddToDo" time="8.767"/>
</testsuite> <!-- com.todos.tests.AddToDoTests -->
